<?xml version="1.0" encoding="UTF-8"?>
<!-- Generated by org.testng.reporters.JUnitXMLReporter -->
<testsuite hostname="JAN-PC" ignored="0" name="Test" tests="1" failures="0" timestamp="2020-09-09T10:02:14 IST" time="0.096" errors="0">
  <testcase name="@BeforeTest openbrowser" time="0.019" classname="com.actitime.generics.BaseClass">
    <failure type="java.io.FileNotFoundException" message=".\driver\commondata.properties (The system cannot find the file specified)">
      <![CDATA[java.io.FileNotFoundException: .\driver\commondata.properties (The system cannot find the file specified)
at java.io.FileInputStream.open0(Native Method)
at java.io.FileInputStream.open(Unknown Source)
at java.io.FileInputStream.<init>(Unknown Source)
at java.io.FileInputStream.<init>(Unknown Source)
at com.actitime.generics.FileLib.getPropertyValue(FileLib.java:20)
at com.actitime.generics.BaseClass.openbrowser(BaseClass.java:24)
... Removed 24 stack frames]]>
    </failure>
  </testcase> <!-- @BeforeTest openbrowser -->
  <testcase name="@BeforeMethod Login" time="-1.599625934606E9" classname="com.actitime.generics.BaseClass">
    <skipped/>
  </testcase> <!-- @BeforeMethod Login -->
  <testcase name="@AfterMethod logout" time="-1.599625934616E9" classname="com.actitime.generics.BaseClass">
    <skipped/>
  </testcase> <!-- @AfterMethod logout -->
  <testcase name="@AfterTest closebrowser" time="-1.599625934622E9" classname="com.actitime.generics.BaseClass">
    <skipped/>
  </testcase> <!-- @AfterTest closebrowser -->
  <testcase name="testCreateCustomer" time="0.0" classname="com.actitime.test.CreateCustomer">
    <skipped/>
  </testcase> <!-- testCreateCustomer -->
</testsuite> <!-- Test -->
